2025-03-10T15:58:44.923Z [ERROR]: [Api] [getAuthorById] Cast to ObjectId failed for value "67c9e7858a15b8940147dsfds6dd3" (type string) at path "_id" for model "users"
2025-03-10T15:58:53.649Z [ERROR]: [Api] [getAuthorById] Cast to ObjectId failed for value "67c9e7858a15b8940147dsfds6dd3" (type string) at path "_id" for model "users"
2025-03-10T16:30:00.412Z [ERROR]: [Glb] Error in connection to database
2025-03-10T16:30:11.236Z [ERROR]: [Glb] Error in connection to database
2025-03-10T16:30:13.560Z [ERROR]: [Glb] Error in connection to database
2025-03-10T16:30:19.263Z [ERROR]: [Glb] Error in connection to database
2025-03-10T16:30:20.616Z [ERROR]: [Glb] Error in connection to database
2025-03-11T08:31:30.716Z [ERROR]: [Glb] Error in connection to database
2025-03-11T08:31:41.585Z [ERROR]: [Glb] Error in connection to database
2025-03-11T08:31:49.814Z [ERROR]: [Glb] Error in connection to database
2025-03-11T08:32:04.432Z [ERROR]: [Glb] Error in connection to database
2025-03-11T08:32:09.661Z [ERROR]: [Glb] Error in connection to database
2025-03-11T08:32:30.229Z [ERROR]: [Glb] Error in connection to database
2025-03-11T08:33:11.702Z [ERROR]: [Glb] Error in connection to database
2025-03-11T08:33:13.609Z [ERROR]: [Glb] Error in connection to database
2025-03-11T08:33:15.232Z [ERROR]: [Glb] Error in connection to database
2025-03-11T08:33:16.641Z [ERROR]: [Glb] Error in connection to database
2025-03-11T08:33:20.066Z [ERROR]: [Glb] Error in connection to database
2025-03-11T08:33:42.454Z [ERROR]: [Glb] Error in connection to database
2025-03-11T08:33:59.582Z [ERROR]: [Glb] Error in connection to database
2025-03-11T08:34:09.267Z [ERROR]: [Glb] Error in connection to database
2025-03-11T08:34:13.459Z [ERROR]: [Glb] Error in connection to database
2025-03-11T08:34:20.058Z [ERROR]: [Glb] Error in connection to database
2025-03-11T08:34:22.801Z [ERROR]: [Glb] Error in connection to database
2025-03-11T08:34:51.136Z [ERROR]: [Glb] Error in connection to database
2025-03-13T13:04:41.973Z [ERROR]: [Glb] Uncaught Exception: listen EADDRINUSE: address already in use :::8000
2025-03-13T13:06:41.154Z [ERROR]: [Glb] Uncaught Exception: listen EADDRINUSE: address already in use :::8000
2025-03-13T16:26:22.336Z [ERROR]: Error at google auth middleware Cannot read properties of null (reading 'username')
2025-03-15T06:34:19.376Z [ERROR]: [Glb] Unhandled Promise Rejection: mongoose is not defined
2025-03-15T06:34:56.583Z [ERROR]: [Glb] Unhandled Promise Rejection: mongoose is not defined
2025-03-16T07:20:36.392Z [ERROR]: [Glb] Error in connection to database
2025-03-16T16:50:57.369Z [ERROR]: [Glb] Unhandled Promise Rejection: utils.populate: invalid path. Expected string. Got typeof `undefined`
2025-03-17T04:09:10.481Z [ERROR]: [Glb] Unhandled Promise Rejection: Cannot populate path `` because it is not in your schema. Set the `strictPopulate` option to false to override.
2025-03-17T04:09:57.005Z [ERROR]: [Glb] Unhandled Promise Rejection: Cannot populate path `` because it is not in your schema. Set the `strictPopulate` option to false to override.
2025-03-20T15:14:30.871Z [ERROR]: [Glb] Unhandled Promise Rejection: Cannot set headers after they are sent to the client
2025-03-21T04:49:53.110Z [ERROR]: [Glb] Unhandled Promise Rejection: searchBlogs is not defined
2025-03-21T04:54:37.163Z [ERROR]: [Glb] Error in connection to database
2025-03-23T13:19:43.246Z [ERROR]: [Glb] Error in connection to database
2025-03-23T13:23:53.861Z [ERROR]: [Glb] Unhandled Promise Rejection: utils.populate: invalid path. Expected string. Got typeof `undefined`
2025-03-23T14:20:12.946Z [ERROR]: [Glb] Error in connection to database
2025-03-23T14:20:24.125Z [ERROR]: [Glb] Error in connection to database
2025-03-23T14:21:26.719Z [ERROR]: [Glb] Error in connection to database
2025-03-23T14:21:54.051Z [ERROR]: [Glb] Error in connection to database
2025-03-23T14:22:03.271Z [ERROR]: [Glb] Error in connection to database
2025-03-23T14:22:17.136Z [ERROR]: [Glb] Error in connection to database
2025-03-23T14:22:18.035Z [ERROR]: [Glb] Error in connection to database
2025-03-23T14:43:42.869Z [ERROR]: [Glb] Error in connection to database
2025-03-25T06:54:37.622Z [ERROR]: [Glb] Unhandled Promise Rejection: Cast to ObjectId failed for value "$author" (type string) at path "following" for model "Follow"
2025-03-26T10:01:27.648Z [ERROR]: [Api] [createAccordian] countFollowers is not defined
